\BOOKMARK [0][]{Contents.0}{Contents}{}% 1
\BOOKMARK [0][]{chapter.1}{1 Introduction}{}% 2
\BOOKMARK [1][-]{section.1.1}{1.1 Belle II and the High Luminosity Frontier}{chapter.1}% 3
\BOOKMARK [1][-]{section.1.2}{1.2 Track Finder for Particle Physics Experiments}{chapter.1}% 4
\BOOKMARK [0][]{chapter.2}{2 Experimental Setup}{}% 5
\BOOKMARK [1][-]{section.2.1}{2.1 Belle II Detector}{chapter.2}% 6
\BOOKMARK [1][-]{section.2.2}{2.2 The Tracking Detectors}{chapter.2}% 7
\BOOKMARK [0][]{chapter.3}{3 Track Finder Theory and Multivariate Classification}{}% 8
\BOOKMARK [1][-]{section.3.1}{3.1 The Belle II Analysis Framework \(basf2\)}{chapter.3}% 9
\BOOKMARK [1][-]{section.3.2}{3.2 The used Figures Of Merit}{chapter.3}% 10
\BOOKMARK [1][-]{section.3.3}{3.3 Working Principle of the implemented Track Finder in basf2}{chapter.3}% 11
\BOOKMARK [1][-]{section.3.4}{3.4 Multivariate Classification}{chapter.3}% 12
\BOOKMARK [0][]{chapter.4}{4 Track Finding in basf2}{}% 13
\BOOKMARK [1][-]{section.4.1}{4.1 The TrackFindingCDC Package}{chapter.4}% 14
\BOOKMARK [1][-]{section.4.2}{4.2 The Background Hit Finder}{chapter.4}% 15
\BOOKMARK [1][-]{section.4.3}{4.3 Improvements on the Legendre Track Finder}{chapter.4}% 16
\BOOKMARK [1][-]{section.4.4}{4.4 Improvements on the Stereo Hit Finder}{chapter.4}% 17
\BOOKMARK [1][-]{section.4.5}{4.5 The SegmentTrackCombinerModule}{chapter.4}% 18
\BOOKMARK [1][-]{section.4.6}{4.6 Further Approaches}{chapter.4}% 19
\BOOKMARK [1][-]{section.4.7}{4.7 Additional software changes}{chapter.4}% 20
\BOOKMARK [0][]{chapter.5}{5 Analysis of the implemented Track Finder}{}% 21
\BOOKMARK [1][-]{section.5.1}{5.1 Comparison of the two track finder}{chapter.5}% 22
\BOOKMARK [1][-]{section.5.2}{5.2 Tracking efficiency with different input parameters}{chapter.5}% 23
\BOOKMARK [0][]{chapter.6}{6 Momentum estimation of slow particles with the ADC in the VXD}{}% 24
\BOOKMARK [1][-]{section.6.1}{6.1 Prestudies}{chapter.6}% 25
\BOOKMARK [1][-]{section.6.2}{6.2 Incooperation in the helix fit}{chapter.6}% 26
\BOOKMARK [0][]{chapter.7}{7 Summary}{}% 27
\BOOKMARK [0][]{chapter.8}{8 Acknowledgement}{}% 28
\BOOKMARK [0][]{appendix.A}{A Listings}{}% 29
